<?xml version="1.0" encoding="UTF-8"?>
<!-- Generated by org.testng.reporters.JUnitXMLReporter -->
<testsuite hostname="DESKTOP-0IPCAG7" failures="0" tests="11" name="Test" time="0.095" errors="0" timestamp="17 Apr 2025 04:51:02 GMT">
  <testcase classname="javaPackage.TestNG3" name="a" time="0.015"/>
  <testcase classname="javaPackage.TestNG3" name="c" time="0.001"/>
  <testcase classname="javaPackage.TestNG3" name="d" time="0.006"/>
  <testcase classname="javaPackage.TestNG1" name="A1" time="0.004"/>
  <testcase classname="javaPackage.TestNG1" name="a1" time="0.001"/>
  <testcase classname="javaPackage.TestNG1" name="a2" time="0.002"/>
  <testcase classname="javaPackage.TestNG2" name="A3" time="0.004"/>
  <testcase classname="javaPackage.TestNG2" name="a1" time="0.001"/>
  <testcase classname="javaPackage.TestNG2" name="ab" time="0.002"/>
  <testcase classname="javaPackage.TestNG2" name="z" time="0.001"/>
  <testcase classname="javaPackage.TestNG3" name="b" time="0.002"/>
</testsuite> <!-- Test -->
