<?xml version="1.0" encoding="UTF-8"?>
<testng-results total="11" passed="11" failed="0" skipped="0">
  <reporter-output>
  </reporter-output>
  <suite started-at="2025-04-17T04:51:02Z" name="Suite" finished-at="2025-04-17T04:51:02Z" duration-ms="95">
    <groups>
    </groups>
    <test started-at="2025-04-17T04:51:02Z" name="Test" finished-at="2025-04-17T04:51:02Z" duration-ms="95">
      <class name="javaPackage.TestNG1">
        <test-method is-config="true" signature="b()[pri:0, instance:javaPackage.TestNG1@3e08ff24]" started-at="2025-04-17T10:21:02Z" name="b" finished-at="2025-04-17T10:21:02Z" duration-ms="12" status="PASS">
          <reporter-output>
          </reporter-output>
        </test-method> <!-- b -->
        <test-method is-config="true" signature="c()[pri:0, instance:javaPackage.TestNG1@3e08ff24]" started-at="2025-04-17T10:21:02Z" name="c" finished-at="2025-04-17T10:21:02Z" duration-ms="1" status="PASS">
          <reporter-output>
          </reporter-output>
        </test-method> <!-- c -->
        <test-method is-config="true" signature="e()[pri:0, instance:javaPackage.TestNG1@3e08ff24]" started-at="2025-04-17T10:21:02Z" name="e" finished-at="2025-04-17T10:21:02Z" duration-ms="1" status="PASS">
          <reporter-output>
          </reporter-output>
        </test-method> <!-- e -->
        <test-method signature="A1()[pri:0, instance:javaPackage.TestNG1@3e08ff24]" started-at="2025-04-17T10:21:02Z" name="A1" finished-at="2025-04-17T10:21:02Z" duration-ms="4" status="PASS">
          <reporter-output>
          </reporter-output>
        </test-method> <!-- A1 -->
        <test-method is-config="true" signature="h()[pri:0, instance:javaPackage.TestNG1@3e08ff24]" started-at="2025-04-17T10:21:02Z" name="h" finished-at="2025-04-17T10:21:02Z" duration-ms="0" status="PASS">
          <reporter-output>
          </reporter-output>
        </test-method> <!-- h -->
        <test-method is-config="true" signature="d()[pri:0, instance:javaPackage.TestNG1@3e08ff24]" started-at="2025-04-17T10:21:02Z" name="d" finished-at="2025-04-17T10:21:02Z" duration-ms="1" status="PASS">
          <reporter-output>
          </reporter-output>
        </test-method> <!-- d -->
        <test-method is-config="true" signature="h()[pri:0, instance:javaPackage.TestNG1@3e08ff24]" started-at="2025-04-17T10:21:02Z" name="h" finished-at="2025-04-17T10:21:02Z" duration-ms="0" status="PASS">
          <reporter-output>
          </reporter-output>
        </test-method> <!-- h -->
        <test-method signature="a1()[pri:0, instance:javaPackage.TestNG1@3e08ff24]" started-at="2025-04-17T10:21:02Z" name="a1" finished-at="2025-04-17T10:21:02Z" duration-ms="1" status="PASS">
          <reporter-output>
          </reporter-output>
        </test-method> <!-- a1 -->
        <test-method is-config="true" signature="d()[pri:0, instance:javaPackage.TestNG1@3e08ff24]" started-at="2025-04-17T10:21:02Z" name="d" finished-at="2025-04-17T10:21:02Z" duration-ms="1" status="PASS">
          <reporter-output>
          </reporter-output>
        </test-method> <!-- d -->
        <test-method is-config="true" signature="h()[pri:0, instance:javaPackage.TestNG1@3e08ff24]" started-at="2025-04-17T10:21:02Z" name="h" finished-at="2025-04-17T10:21:02Z" duration-ms="1" status="PASS">
          <reporter-output>
          </reporter-output>
        </test-method> <!-- h -->
        <test-method signature="a2()[pri:0, instance:javaPackage.TestNG1@3e08ff24]" started-at="2025-04-17T10:21:02Z" name="a2" finished-at="2025-04-17T10:21:02Z" duration-ms="2" status="PASS">
          <reporter-output>
          </reporter-output>
        </test-method> <!-- a2 -->
        <test-method is-config="true" signature="d()[pri:0, instance:javaPackage.TestNG1@3e08ff24]" started-at="2025-04-17T10:21:02Z" name="d" finished-at="2025-04-17T10:21:02Z" duration-ms="0" status="PASS">
          <reporter-output>
          </reporter-output>
        </test-method> <!-- d -->
        <test-method is-config="true" signature="g()[pri:0, instance:javaPackage.TestNG1@3e08ff24]" started-at="2025-04-17T10:21:02Z" name="g" finished-at="2025-04-17T10:21:02Z" duration-ms="0" status="PASS">
          <reporter-output>
          </reporter-output>
        </test-method> <!-- g -->
        <test-method is-config="true" signature="f()[pri:0, instance:javaPackage.TestNG1@3e08ff24]" started-at="2025-04-17T10:21:02Z" name="f" finished-at="2025-04-17T10:21:02Z" duration-ms="0" status="PASS">
          <reporter-output>
          </reporter-output>
        </test-method> <!-- f -->
        <test-method is-config="true" signature="i()[pri:0, instance:javaPackage.TestNG1@3e08ff24]" started-at="2025-04-17T10:21:02Z" name="i" finished-at="2025-04-17T10:21:02Z" duration-ms="1" status="PASS">
          <reporter-output>
          </reporter-output>
        </test-method> <!-- i -->
      </class> <!-- javaPackage.TestNG1 -->
      <class name="javaPackage.TestNG2">
        <test-method signature="A3()[pri:0, instance:javaPackage.TestNG2@1750fbeb]" started-at="2025-04-17T10:21:02Z" name="A3" finished-at="2025-04-17T10:21:02Z" duration-ms="4" status="PASS">
          <reporter-output>
          </reporter-output>
        </test-method> <!-- A3 -->
        <test-method signature="a1()[pri:0, instance:javaPackage.TestNG2@1750fbeb]" started-at="2025-04-17T10:21:02Z" name="a1" finished-at="2025-04-17T10:21:02Z" duration-ms="1" status="PASS">
          <reporter-output>
          </reporter-output>
        </test-method> <!-- a1 -->
        <test-method signature="ab()[pri:0, instance:javaPackage.TestNG2@1750fbeb]" started-at="2025-04-17T10:21:02Z" name="ab" finished-at="2025-04-17T10:21:02Z" duration-ms="2" status="PASS">
          <reporter-output>
          </reporter-output>
        </test-method> <!-- ab -->
        <test-method signature="z()[pri:0, instance:javaPackage.TestNG2@1750fbeb]" started-at="2025-04-17T10:21:02Z" name="z" finished-at="2025-04-17T10:21:02Z" duration-ms="1" status="PASS">
          <reporter-output>
          </reporter-output>
        </test-method> <!-- z -->
      </class> <!-- javaPackage.TestNG2 -->
      <class name="javaPackage.TestNG3">
        <test-method signature="a()[pri:0, instance:javaPackage.TestNG3@247310d0]" started-at="2025-04-17T10:21:02Z" name="a" finished-at="2025-04-17T10:21:02Z" duration-ms="15" status="PASS">
          <reporter-output>
          </reporter-output>
        </test-method> <!-- a -->
        <test-method signature="c()[pri:0, instance:javaPackage.TestNG3@247310d0]" started-at="2025-04-17T10:21:02Z" name="c" finished-at="2025-04-17T10:21:02Z" duration-ms="1" status="PASS">
          <reporter-output>
          </reporter-output>
        </test-method> <!-- c -->
        <test-method signature="d()[pri:0, instance:javaPackage.TestNG3@247310d0]" started-at="2025-04-17T10:21:02Z" name="d" finished-at="2025-04-17T10:21:02Z" duration-ms="6" status="PASS">
          <reporter-output>
          </reporter-output>
        </test-method> <!-- d -->
        <test-method signature="b()[pri:0, instance:javaPackage.TestNG3@247310d0]" started-at="2025-04-17T10:21:02Z" name="b" finished-at="2025-04-17T10:21:02Z" duration-ms="2" status="PASS">
          <reporter-output>
          </reporter-output>
        </test-method> <!-- b -->
      </class> <!-- javaPackage.TestNG3 -->
    </test> <!-- Test -->
  </suite> <!-- Suite -->
</testng-results>
